<?xml version="1.0" encoding="UTF-8"?>
<!-- Generated by org.testng.reporters.JUnitReportReporter -->
<testsuite hostname="DESKTOP-6VONML0" failures="0" tests="2" name="Com.vtiger.practice.Test1Test" time="0.026" errors="0" timestamp="2022-05-19T15:39:59 IST" skipped="0">
  <testcase classname="Com.vtiger.practice.Test1Test" name="test5" time="0.003"/>
  <system-out>
    <![CDATA[Testcase 5]]>
  </system-out>
  <testcase classname="Com.vtiger.practice.Test1Test" name="test1" time="0.023"/>
  <system-out>
    <![CDATA[Testcase 1]]>
  </system-out>
</testsuite> <!-- Com.vtiger.practice.Test1Test -->
