<?xml version="1.0" encoding="UTF-8"?>
<!-- Generated by org.testng.reporters.JUnitReportReporter -->
<testsuite hostname="DESKTOP-6VONML0" failures="0" tests="2" name="Com.vtiger.contacts.Tc31to35Test.CreateContactTemplatefileTest" time="34.685" errors="0" timestamp="2022-05-20T15:35:39 IST" skipped="0">
  <testcase classname="Com.vtiger.contacts.Tc31to35Test.CreateContactTemplatefileTest" name="contactTc35" time="17.014"/>
  <system-out/>
  <testcase classname="Com.vtiger.contacts.Tc31to35Test.CreateContactTemplatefileTest" name="contactTc35" time="17.671"/>
  <system-out/>
</testsuite> <!-- Com.vtiger.contacts.Tc31to35Test.CreateContactTemplatefileTest -->
