<?xml version="1.0" encoding="UTF-8"?>
<!-- Generated by org.testng.reporters.JUnitReportReporter -->
<testsuite hostname="DESKTOP-6VONML0" failures="0" tests="1" name="Com.vtiger.campagnsTest.DataFetchExcelPropertiesCampaignsTest" time="16.869" errors="0" timestamp="2022-05-17T17:23:58 IST" skipped="0">
  <testcase classname="Com.vtiger.campagnsTest.DataFetchExcelPropertiesCampaignsTest" name="createCampaignsTest" time="16.869"/>
  <system-out/>
</testsuite> <!-- Com.vtiger.campagnsTest.DataFetchExcelPropertiesCampaignsTest -->
