<?xml version="1.0" encoding="UTF-8"?>
<!-- Generated by org.testng.reporters.JUnitReportReporter -->
<testsuite hostname="DESKTOP-6VONML0" failures="0" tests="1" name="Com.vtiger.contactsTest.CreateContactTest" time="43.568" errors="0" timestamp="2022-05-23T17:31:50 IST" skipped="0">
  <testcase classname="Com.vtiger.contactsTest.CreateContactTest" name="createContactTest" time="43.568"/>
  <system-out/>
</testsuite> <!-- Com.vtiger.contactsTest.CreateContactTest -->
