<?xml version="1.0" encoding="UTF-8"?>
<!-- Generated by org.testng.reporters.JUnitReportReporter -->
<testsuite hostname="DESKTOP-C1LQAM3" failures="0" tests="1" name="Com.vtiger.contactsTest.CreateContactTest" time="23.695" errors="0" timestamp="2022-06-06T01:47:23 GMT-07:00" skipped="0">
  <testcase classname="Com.vtiger.contactsTest.CreateContactTest" name="createContactTest" time="23.695"/>
  <system-out/>
</testsuite> <!-- Com.vtiger.contactsTest.CreateContactTest -->
