<?xml version="1.0" encoding="UTF-8"?>
<!-- Generated by org.testng.reporters.JUnitReportReporter -->
<testsuite hostname="DESKTOP-6VONML0" failures="0" tests="1" name="Com.vtiger.productTest.CreateProductTest" time="16.313" errors="0" timestamp="2022-05-20T15:35:39 IST" skipped="0">
  <testcase classname="Com.vtiger.productTest.CreateProductTest" name="createProduct" time="16.313"/>
  <system-out/>
</testsuite> <!-- Com.vtiger.productTest.CreateProductTest -->
