<?xml version="1.0" encoding="UTF-8"?>
<!-- Generated by org.testng.reporters.JUnitReportReporter -->
<testsuite hostname="DESKTOP-6VONML0" failures="0" tests="1" name="Com.vtiger.contacts.Tc31to35Test.ContactsTestCase31Test" time="11.513" errors="0" timestamp="2022-05-18T22:13:15 IST" skipped="0">
  <testcase classname="Com.vtiger.contacts.Tc31to35Test.ContactsTestCase31Test" name="contactTest31" time="11.513"/>
  <system-out/>
</testsuite> <!-- Com.vtiger.contacts.Tc31to35Test.ContactsTestCase31Test -->
