<?xml version="1.0" encoding="UTF-8"?>
<!-- Generated by org.testng.reporters.JUnitReportReporter -->
<testsuite hostname="DESKTOP-6VONML0" failures="0" tests="2" name="Com.vtiger.organizationTest.CreateOrganizationWithIndustryAndTypeTest" time="35.303" errors="0" timestamp="2022-05-20T15:35:39 IST" skipped="0">
  <testcase classname="Com.vtiger.organizationTest.CreateOrganizationWithIndustryAndTypeTest" name="createorganization" time="17.213"/>
  <system-out/>
  <testcase classname="Com.vtiger.organizationTest.CreateOrganizationWithIndustryAndTypeTest" name="createorganization" time="18.090"/>
  <system-out/>
</testsuite> <!-- Com.vtiger.organizationTest.CreateOrganizationWithIndustryAndTypeTest -->
