<?xml version="1.0" encoding="UTF-8"?>
<!-- Generated by org.testng.reporters.JUnitReportReporter -->
<testsuite hostname="DESKTOP-6VONML0" failures="0" tests="1" name="Com.vtiger.contacts.Tc31to35Test.CreatecontactPortalboxTest" time="25.149" errors="0" timestamp="2022-05-19T16:58:54 IST" skipped="0">
  <testcase classname="Com.vtiger.contacts.Tc31to35Test.CreatecontactPortalboxTest" name="contactTest31" time="25.149"/>
  <system-out/>
</testsuite> <!-- Com.vtiger.contacts.Tc31to35Test.CreatecontactPortalboxTest -->
