<?xml version="1.0" encoding="UTF-8"?>
<!-- Generated by org.testng.reporters.JUnitReportReporter -->
<testsuite hostname="DESKTOP-6VONML0" failures="0" tests="1" name="Com.vtiger.campagnsTest.CreateCampignsTest" time="21.237" errors="0" timestamp="2022-05-31T15:46:06 IST" skipped="0">
  <testcase classname="Com.vtiger.campagnsTest.CreateCampignsTest" name="createCampaignsTest1" time="21.237"/>
  <system-out/>
</testsuite> <!-- Com.vtiger.campagnsTest.CreateCampignsTest -->
