<?xml version="1.0" encoding="UTF-8"?>
<!-- Generated by org.testng.reporters.JUnitReportReporter -->
<testsuite hostname="DESKTOP-6VONML0" failures="0" tests="1" name="Com.vtiger.contacts.Tc31to35Test.ContactTestCase35Test" time="14.732" errors="0" timestamp="2022-05-19T09:55:38 IST" skipped="0">
  <testcase classname="Com.vtiger.contacts.Tc31to35Test.ContactTestCase35Test" name="contactTc35" time="14.732"/>
  <system-out/>
</testsuite> <!-- Com.vtiger.contacts.Tc31to35Test.ContactTestCase35Test -->
