<?xml version="1.0" encoding="UTF-8"?>
<!-- Generated by org.testng.reporters.JUnitReportReporter -->
<testsuite hostname="DESKTOP-6VONML0" failures="0" tests="1" name="Com.vtiger.contacts.Tc31to35Test.ContactsTestCase33Test" time="17.794" errors="0" timestamp="2022-05-18T23:17:37 IST" skipped="0">
  <testcase classname="Com.vtiger.contacts.Tc31to35Test.ContactsTestCase33Test" name="contactTestCase32" time="17.794"/>
  <system-out/>
</testsuite> <!-- Com.vtiger.contacts.Tc31to35Test.ContactsTestCase33Test -->
