<?xml version="1.0" encoding="UTF-8"?>
<!-- Generated by org.testng.reporters.JUnitReportReporter -->
<testsuite hostname="DESKTOP-6VONML0" failures="0" tests="1" name="Com.vtiger.campagnsTest.CreateCampgainsPropertiesTest" time="17.320" errors="0" timestamp="2022-05-18T11:08:43 IST" skipped="0">
  <testcase classname="Com.vtiger.campagnsTest.CreateCampgainsPropertiesTest" name="createCampaignTest" time="17.320"/>
  <system-out/>
</testsuite> <!-- Com.vtiger.campagnsTest.CreateCampgainsPropertiesTest -->
