<?xml version="1.0" encoding="UTF-8"?>
<!-- Generated by org.testng.reporters.JUnitReportReporter -->
<testsuite hostname="DESKTOP-6VONML0" failures="0" tests="1" name="Com.vtiger.contactsTest.CreateContactwithOrganozationTest" time="42.603" errors="0" timestamp="2022-05-20T11:41:10 IST" skipped="0">
  <testcase classname="Com.vtiger.contactsTest.CreateContactwithOrganozationTest" name="createContactOrganization" time="42.603"/>
  <system-out/>
</testsuite> <!-- Com.vtiger.contactsTest.CreateContactwithOrganozationTest -->
