<?xml version="1.0" encoding="UTF-8"?>
<!-- Generated by org.testng.reporters.JUnitReportReporter -->
<testsuite hostname="DESKTOP-6VONML0" failures="0" tests="2" name="Com.vtiger.contacts.Tc31to35Test.CreatecontactMailMergeTest" time="35.677" errors="0" timestamp="2022-05-20T15:35:39 IST" skipped="0">
  <testcase classname="Com.vtiger.contacts.Tc31to35Test.CreatecontactMailMergeTest" name="createContactTc34" time="17.792"/>
  <system-out/>
  <testcase classname="Com.vtiger.contacts.Tc31to35Test.CreatecontactMailMergeTest" name="createContactTc34" time="17.885"/>
  <system-out/>
</testsuite> <!-- Com.vtiger.contacts.Tc31to35Test.CreatecontactMailMergeTest -->
