<?xml version="1.0" encoding="UTF-8"?>
<!-- Generated by org.testng.reporters.JUnitReportReporter -->
<testsuite hostname="DESKTOP-6VONML0" failures="0" tests="1" name="Com.vtiger.contacts.Tc31to35Test.ContactTestCase34Test" time="17.187" errors="0" timestamp="2022-05-19T09:53:44 IST" skipped="0">
  <testcase classname="Com.vtiger.contacts.Tc31to35Test.ContactTestCase34Test" name="createContactTc34" time="17.187"/>
  <system-out/>
</testsuite> <!-- Com.vtiger.contacts.Tc31to35Test.ContactTestCase34Test -->
