<?xml version="1.0" encoding="UTF-8"?>
<!-- Generated by org.testng.reporters.JUnitReportReporter -->
<testsuite hostname="DESKTOP-6VONML0" failures="0" tests="1" name="Com.vtiger.contactsTest.CreateContactsProperitesTest" time="16.777" errors="0" timestamp="2022-05-18T11:48:57 IST" skipped="0">
  <testcase classname="Com.vtiger.contactsTest.CreateContactsProperitesTest" name="createContact" time="16.777"/>
  <system-out/>
</testsuite> <!-- Com.vtiger.contactsTest.CreateContactsProperitesTest -->
