<?xml version="1.0" encoding="UTF-8"?>
<!-- Generated by org.testng.reporters.JUnitReportReporter -->
<testsuite hostname="DESKTOP-6VONML0" failures="0" tests="1" name="Com.vtiger.campagnsTest.CreateCampaignswithProductTest" time="39.271" errors="0" timestamp="2022-05-20T11:41:10 IST" skipped="0">
  <testcase classname="Com.vtiger.campagnsTest.CreateCampaignswithProductTest" name="createCampaignTest" time="39.271"/>
  <system-out/>
</testsuite> <!-- Com.vtiger.campagnsTest.CreateCampaignswithProductTest -->
