<?xml version="1.0" encoding="UTF-8"?>
<!-- Generated by org.testng.reporters.JUnitReportReporter -->
<testsuite hostname="DESKTOP-6VONML0" failures="0" tests="22" name="Com.vtiger.practice.TestNgPractice1Test" time="0.078" errors="0" timestamp="2022-05-17T18:13:58 IST" skipped="0">
  <testcase classname="Com.vtiger.practice.TestNgPractice1Test" name="practice1Test" time="0.003"/>
  <system-out>
    <![CDATA[testyanthra    banashankari]]>
  </system-out>
  <testcase classname="Com.vtiger.practice.TestNgPractice1Test" name="practice1Test" time="0.002"/>
  <system-out>
    <![CDATA[testyanthra    banashankari]]>
  </system-out>
  <testcase classname="Com.vtiger.practice.TestNgPractice1Test" name="practice1Test" time="0.002"/>
  <system-out>
    <![CDATA[testyanthra    banashankari]]>
  </system-out>
  <testcase classname="Com.vtiger.practice.TestNgPractice1Test" name="practice1Test" time="0.002"/>
  <system-out>
    <![CDATA[testyanthra    banashankari]]>
  </system-out>
  <testcase classname="Com.vtiger.practice.TestNgPractice1Test" name="practice1Test" time="0.001"/>
  <system-out>
    <![CDATA[testyanthra    banashankari]]>
  </system-out>
  <testcase classname="Com.vtiger.practice.TestNgPractice1Test" name="practice1Test" time="0.002"/>
  <system-out>
    <![CDATA[testyanthra    banashankari]]>
  </system-out>
  <testcase classname="Com.vtiger.practice.TestNgPractice1Test" name="practice1Test" time="0.003"/>
  <system-out>
    <![CDATA[testyanthra    banashankari]]>
  </system-out>
  <testcase classname="Com.vtiger.practice.TestNgPractice1Test" name="practice1Test" time="0.003"/>
  <system-out>
    <![CDATA[testyanthra    banashankari]]>
  </system-out>
  <testcase classname="Com.vtiger.practice.TestNgPractice1Test" name="practice1Test" time="0.005"/>
  <system-out>
    <![CDATA[testyanthra    banashankari]]>
  </system-out>
  <testcase classname="Com.vtiger.practice.TestNgPractice1Test" name="practice1Test" time="0.002"/>
  <system-out>
    <![CDATA[testyanthra    banashankari]]>
  </system-out>
  <testcase classname="Com.vtiger.practice.TestNgPractice1Test" name="practice1Test" time="0.010"/>
  <system-out>
    <![CDATA[testyanthra    banashankari]]>
  </system-out>
  <testcase classname="Com.vtiger.practice.TestNgPractice1Test" name="practice1Test" time="0.004"/>
  <system-out>
    <![CDATA[testyanthra    banashankari]]>
  </system-out>
  <testcase classname="Com.vtiger.practice.TestNgPractice1Test" name="practice1Test" time="0.001"/>
  <system-out>
    <![CDATA[testyanthra    banashankari]]>
  </system-out>
  <testcase classname="Com.vtiger.practice.TestNgPractice1Test" name="practice1Test" time="0.004"/>
  <system-out>
    <![CDATA[testyanthra    banashankari]]>
  </system-out>
  <testcase classname="Com.vtiger.practice.TestNgPractice1Test" name="practice1Test" time="0.002"/>
  <system-out>
    <![CDATA[testyanthra    banashankari]]>
  </system-out>
  <testcase classname="Com.vtiger.practice.TestNgPractice1Test" name="practice1Test" time="0.003"/>
  <system-out>
    <![CDATA[testyanthra    banashankari]]>
  </system-out>
  <testcase classname="Com.vtiger.practice.TestNgPractice1Test" name="practice1Test" time="0.004"/>
  <system-out>
    <![CDATA[testyanthra    banashankari]]>
  </system-out>
  <testcase classname="Com.vtiger.practice.TestNgPractice1Test" name="practice1Test" time="0.002"/>
  <system-out>
    <![CDATA[testyanthra    banashankari]]>
  </system-out>
  <testcase classname="Com.vtiger.practice.TestNgPractice1Test" name="practice1Test" time="0.003"/>
  <system-out>
    <![CDATA[testyanthra    banashankari]]>
  </system-out>
  <testcase classname="Com.vtiger.practice.TestNgPractice1Test" name="practice1Test" time="0.002"/>
  <system-out>
    <![CDATA[testyanthra    banashankari]]>
  </system-out>
  <testcase classname="Com.vtiger.practice.TestNgPractice1Test" name="practice1Test" time="0.015"/>
  <system-out>
    <![CDATA[testyanthra    banashankari]]>
  </system-out>
  <testcase classname="Com.vtiger.practice.TestNgPractice1Test" name="practice1Test" time="0.003"/>
  <system-out>
    <![CDATA[testyanthra    banashankari]]>
  </system-out>
</testsuite> <!-- Com.vtiger.practice.TestNgPractice1Test -->
