<?xml version="1.0" encoding="UTF-8"?>
<!-- Generated by org.testng.reporters.JUnitReportReporter -->
<testsuite hostname="DESKTOP-6VONML0" failures="0" tests="1" name="Com.vtiger.contacts.Tc31to35Test.ContactTestCase32Test" time="17.866" errors="0" timestamp="2022-05-18T23:14:39 IST" skipped="0">
  <testcase classname="Com.vtiger.contacts.Tc31to35Test.ContactTestCase32Test" name="contactTestCase32" time="17.866"/>
  <system-out/>
</testsuite> <!-- Com.vtiger.contacts.Tc31to35Test.ContactTestCase32Test -->
