<?xml version="1.0" encoding="UTF-8"?>
<!-- Generated by org.testng.reporters.JUnitReportReporter -->
<testsuite hostname="DESKTOP-6VONML0" failures="0" tests="1" name="Com.vtiger.documentTest.CreateDocumentFramesTest" time="24.068" errors="0" timestamp="2022-05-20T11:41:10 IST" skipped="0">
  <testcase classname="Com.vtiger.documentTest.CreateDocumentFramesTest" name="createDocumentwithFrames" time="24.068"/>
  <system-out/>
</testsuite> <!-- Com.vtiger.documentTest.CreateDocumentFramesTest -->
