<?xml version="1.0" encoding="UTF-8"?>
<!-- Generated by org.testng.reporters.JUnitReportReporter -->
<testsuite hostname="DESKTOP-6VONML0" failures="0" tests="1" name="Com.vtiger.organizationTest.CreateOrganizationTest" time="19.119" errors="0" timestamp="2022-05-20T11:15:12 IST" skipped="0">
  <testcase classname="Com.vtiger.organizationTest.CreateOrganizationTest" name="createorganization" time="19.119"/>
  <system-out/>
</testsuite> <!-- Com.vtiger.organizationTest.CreateOrganizationTest -->
